<?xml version="1.0" encoding="UTF-8"?>
<testsuite xmlns:xsi="http://www.w3.org/2001/XMLSchema-instance" xsi:noNamespaceSchemaLocation="https://maven.apache.org/surefire/maven-surefire-plugin/xsd/surefire-test-report-3.0.xsd" version="3.0" name="catpoint.SecurityServiceTest" time="0.78" tests="12" errors="0" skipped="0" failures="0">
  <properties>
    <property name="java.specification.version" value="16"/>
    <property name="sun.cpu.isalist" value="amd64"/>
    <property name="sun.jnu.encoding" value="Cp1252"/>
    <property name="java.class.path" value="C:\Users\Devilish\Desktop\UdaSecurity_Cat2\UdaSecurity_Cat\securityService\target\test-classes;C:\Users\Devilish\.m2\repository\software\amazon\awssdk\annotations\2.17.237\annotations-2.17.237.jar;C:\Users\Devilish\.m2\repository\software\amazon\awssdk\utils\2.17.237\utils-2.17.237.jar;C:\Users\Devilish\.m2\repository\org\reactivestreams\reactive-streams\1.0.3\reactive-streams-1.0.3.jar;C:\Users\Devilish\.m2\repository\software\amazon\awssdk\profiles\2.17.237\profiles-2.17.237.jar;C:\Users\Devilish\.m2\repository\software\amazon\awssdk\http-client-spi\2.17.237\http-client-spi-2.17.237.jar;C:\Users\Devilish\.m2\repository\software\amazon\awssdk\json-utils\2.17.237\json-utils-2.17.237.jar;C:\Users\Devilish\.m2\repository\software\amazon\awssdk\third-party-jackson-core\2.17.237\third-party-jackson-core-2.17.237.jar;C:\Users\Devilish\.m2\repository\software\amazon\eventstream\eventstream\1.0.1\eventstream-1.0.1.jar;C:\Users\Devilish\.m2\repository\software\amazon\awssdk\aws-json-protocol\2.17.237\aws-json-protocol-2.17.237.jar;C:\Users\Devilish\.m2\repository\software\amazon\awssdk\protocol-core\2.17.237\protocol-core-2.17.237.jar;C:\Users\Devilish\.m2\repository\software\amazon\awssdk\aws-core\2.17.237\aws-core-2.17.237.jar;C:\Users\Devilish\.m2\repository\software\amazon\awssdk\metrics-spi\2.17.237\metrics-spi-2.17.237.jar;C:\Users\Devilish\.m2\repository\software\amazon\awssdk\apache-client\2.17.237\apache-client-2.17.237.jar;C:\Users\Devilish\.m2\repository\org\apache\httpcomponents\httpclient\4.5.13\httpclient-4.5.13.jar;C:\Users\Devilish\.m2\repository\commons-logging\commons-logging\1.2\commons-logging-1.2.jar;C:\Users\Devilish\.m2\repository\commons-codec\commons-codec\1.11\commons-codec-1.11.jar;C:\Users\Devilish\.m2\repository\org\apache\httpcomponents\httpcore\4.4.13\httpcore-4.4.13.jar;C:\Users\Devilish\.m2\repository\software\amazon\awssdk\netty-nio-client\2.17.237\netty-nio-client-2.17.237.jar;C:\Users\Devilish\.m2\repository\io\netty\netty-codec-http\4.1.77.Final\netty-codec-http-4.1.77.Final.jar;C:\Users\Devilish\.m2\repository\io\netty\netty-codec-http2\4.1.77.Final\netty-codec-http2-4.1.77.Final.jar;C:\Users\Devilish\.m2\repository\io\netty\netty-codec\4.1.77.Final\netty-codec-4.1.77.Final.jar;C:\Users\Devilish\.m2\repository\io\netty\netty-transport\4.1.77.Final\netty-transport-4.1.77.Final.jar;C:\Users\Devilish\.m2\repository\io\netty\netty-resolver\4.1.77.Final\netty-resolver-4.1.77.Final.jar;C:\Users\Devilish\.m2\repository\io\netty\netty-common\4.1.77.Final\netty-common-4.1.77.Final.jar;C:\Users\Devilish\.m2\repository\io\netty\netty-buffer\4.1.77.Final\netty-buffer-4.1.77.Final.jar;C:\Users\Devilish\.m2\repository\io\netty\netty-handler\4.1.77.Final\netty-handler-4.1.77.Final.jar;C:\Users\Devilish\.m2\repository\io\netty\netty-transport-classes-epoll\4.1.77.Final\netty-transport-classes-epoll-4.1.77.Final.jar;C:\Users\Devilish\.m2\repository\io\netty\netty-transport-native-unix-common\4.1.77.Final\netty-transport-native-unix-common-4.1.77.Final.jar;C:\Users\Devilish\.m2\repository\com\google\guava\failureaccess\1.0.1\failureaccess-1.0.1.jar;C:\Users\Devilish\.m2\repository\com\google\guava\listenablefuture\9999.0-empty-to-avoid-conflict-with-guava\listenablefuture-9999.0-empty-to-avoid-conflict-with-guava.jar;C:\Users\Devilish\.m2\repository\com\google\code\findbugs\jsr305\3.0.2\jsr305-3.0.2.jar;C:\Users\Devilish\.m2\repository\org\checkerframework\checker-qual\3.12.0\checker-qual-3.12.0.jar;C:\Users\Devilish\.m2\repository\com\google\errorprone\error_prone_annotations\2.11.0\error_prone_annotations-2.11.0.jar;C:\Users\Devilish\.m2\repository\com\google\j2objc\j2objc-annotations\1.3\j2objc-annotations-1.3.jar;C:\Users\Devilish\.m2\repository\com\github\spotbugs\spotbugs\4.7.1\spotbugs-4.7.1.jar;C:\Users\Devilish\.m2\repository\org\ow2\asm\asm\9.3\asm-9.3.jar;C:\Users\Devilish\.m2\repository\org\ow2\asm\asm-analysis\9.3\asm-analysis-9.3.jar;C:\Users\Devilish\.m2\repository\org\ow2\asm\asm-commons\9.3\asm-commons-9.3.jar;C:\Users\Devilish\.m2\repository\org\ow2\asm\asm-tree\9.3\asm-tree-9.3.jar;C:\Users\Devilish\.m2\repository\org\ow2\asm\asm-util\9.3\asm-util-9.3.jar;C:\Users\Devilish\.m2\repository\org\apache\bcel\bcel\6.5.0\bcel-6.5.0.jar;C:\Users\Devilish\.m2\repository\net\jcip\jcip-annotations\1.0\jcip-annotations-1.0.jar;C:\Users\Devilish\.m2\repository\org\dom4j\dom4j\2.1.3\dom4j-2.1.3.jar;C:\Users\Devilish\.m2\repository\org\apache\commons\commons-lang3\3.12.0\commons-lang3-3.12.0.jar;C:\Users\Devilish\.m2\repository\org\apache\commons\commons-text\1.9\commons-text-1.9.jar;C:\Users\Devilish\.m2\repository\com\github\spotbugs\spotbugs-annotations\4.7.1\spotbugs-annotations-4.7.1.jar;C:\Users\Devilish\.m2\repository\jaxen\jaxen\1.2.0\jaxen-1.2.0.jar;C:\Users\Devilish\.m2\repository\net\sf\saxon\Saxon-HE\11.3\Saxon-HE-11.3.jar;C:\Users\Devilish\.m2\repository\org\xmlresolver\xmlresolver\4.2.0\xmlresolver-4.2.0.jar;C:\Users\Devilish\.m2\repository\xml-apis\xml-apis\1.4.01\xml-apis-1.4.01.jar;C:\Users\Devilish\.m2\repository\org\xmlresolver\xmlresolver\4.2.0\xmlresolver-4.2.0-data.jar;C:\Users\Devilish\.m2\repository\org\junit\jupiter\junit-jupiter-api\5.9.0-RC1\junit-jupiter-api-5.9.0-RC1.jar;C:\Users\Devilish\.m2\repository\org\opentest4j\opentest4j\1.2.0\opentest4j-1.2.0.jar;C:\Users\Devilish\.m2\repository\org\junit\platform\junit-platform-commons\1.9.0-RC1\junit-platform-commons-1.9.0-RC1.jar;C:\Users\Devilish\.m2\repository\org\apiguardian\apiguardian-api\1.1.2\apiguardian-api-1.1.2.jar;C:\Users\Devilish\.m2\repository\org\junit\jupiter\junit-jupiter-params\5.9.0-RC1\junit-jupiter-params-5.9.0-RC1.jar;C:\Users\Devilish\.m2\repository\org\mockito\mockito-junit-jupiter\4.6.1\mockito-junit-jupiter-4.6.1.jar;C:\Users\Devilish\.m2\repository\org\mockito\mockito-core\4.6.1\mockito-core-4.6.1.jar;C:\Users\Devilish\.m2\repository\net\bytebuddy\byte-buddy\1.12.10\byte-buddy-1.12.10.jar;C:\Users\Devilish\.m2\repository\net\bytebuddy\byte-buddy-agent\1.12.10\byte-buddy-agent-1.12.10.jar;C:\Users\Devilish\.m2\repository\org\objenesis\objenesis\3.2\objenesis-3.2.jar;C:\Users\Devilish\.m2\repository\org\apache\maven\plugins\maven-surefire-plugin\3.0.0-M7\maven-surefire-plugin-3.0.0-M7.jar;C:\Users\Devilish\.m2\repository\org\apache\maven\surefire\maven-surefire-common\3.0.0-M7\maven-surefire-common-3.0.0-M7.jar;C:\Users\Devilish\.m2\repository\org\apache\maven\surefire\surefire-api\3.0.0-M7\surefire-api-3.0.0-M7.jar;C:\Users\Devilish\.m2\repository\org\apache\maven\surefire\surefire-logger-api\3.0.0-M7\surefire-logger-api-3.0.0-M7.jar;C:\Users\Devilish\.m2\repository\org\apache\maven\surefire\surefire-extensions-api\3.0.0-M7\surefire-extensions-api-3.0.0-M7.jar;C:\Users\Devilish\.m2\repository\org\apache\maven\surefire\surefire-booter\3.0.0-M7\surefire-booter-3.0.0-M7.jar;C:\Users\Devilish\.m2\repository\org\apache\maven\surefire\surefire-extensions-spi\3.0.0-M7\surefire-extensions-spi-3.0.0-M7.jar;C:\Users\Devilish\.m2\repository\org\apache\maven\shared\maven-common-artifact-filters\3.1.1\maven-common-artifact-filters-3.1.1.jar;C:\Users\Devilish\.m2\repository\org\codehaus\plexus\plexus-java\1.1.1\plexus-java-1.1.1.jar;C:\Users\Devilish\.m2\repository\com\thoughtworks\qdox\qdox\2.0.1\qdox-2.0.1.jar;C:\Users\Devilish\.m2\repository\org\apache\maven\surefire\surefire-shared-utils\3.0.0-M7\surefire-shared-utils-3.0.0-M7.jar;C:\Users\Devilish\.m2\repository\org\apache\maven\reporting\maven-reporting-api\4.0.0-M2\maven-reporting-api-4.0.0-M2.jar;C:\Users\Devilish\.m2\repository\org\apache\maven\doxia\doxia-sink-api\2.0.0-M3\doxia-sink-api-2.0.0-M3.jar;C:\Users\Devilish\.m2\repository\org\apache\maven\reporting\maven-reporting-impl\4.0.0-M2\maven-reporting-impl-4.0.0-M2.jar;C:\Users\Devilish\.m2\repository\org\apache\maven\maven-core\3.2.5\maven-core-3.2.5.jar;C:\Users\Devilish\.m2\repository\org\apache\maven\maven-model\3.2.5\maven-model-3.2.5.jar;C:\Users\Devilish\.m2\repository\org\apache\maven\maven-settings\3.2.5\maven-settings-3.2.5.jar;C:\Users\Devilish\.m2\repository\org\apache\maven\maven-settings-builder\3.2.5\maven-settings-builder-3.2.5.jar;C:\Users\Devilish\.m2\repository\org\apache\maven\maven-repository-metadata\3.2.5\maven-repository-metadata-3.2.5.jar;C:\Users\Devilish\.m2\repository\org\apache\maven\maven-model-builder\3.2.5\maven-model-builder-3.2.5.jar;C:\Users\Devilish\.m2\repository\org\apache\maven\maven-aether-provider\3.2.5\maven-aether-provider-3.2.5.jar;C:\Users\Devilish\.m2\repository\org\eclipse\aether\aether-spi\1.0.0.v20140518\aether-spi-1.0.0.v20140518.jar;C:\Users\Devilish\.m2\repository\org\eclipse\aether\aether-impl\1.0.0.v20140518\aether-impl-1.0.0.v20140518.jar;C:\Users\Devilish\.m2\repository\org\eclipse\aether\aether-api\1.0.0.v20140518\aether-api-1.0.0.v20140518.jar;C:\Users\Devilish\.m2\repository\org\eclipse\aether\aether-util\1.0.0.v20140518\aether-util-1.0.0.v20140518.jar;C:\Users\Devilish\.m2\repository\org\eclipse\sisu\org.eclipse.sisu.plexus\0.3.0.M1\org.eclipse.sisu.plexus-0.3.0.M1.jar;C:\Users\Devilish\.m2\repository\javax\enterprise\cdi-api\1.0\cdi-api-1.0.jar;C:\Users\Devilish\.m2\repository\javax\annotation\jsr250-api\1.0\jsr250-api-1.0.jar;C:\Users\Devilish\.m2\repository\org\eclipse\sisu\org.eclipse.sisu.inject\0.3.0.M1\org.eclipse.sisu.inject-0.3.0.M1.jar;C:\Users\Devilish\.m2\repository\org\sonatype\sisu\sisu-guice\3.2.3\sisu-guice-3.2.3-no_aop.jar;C:\Users\Devilish\.m2\repository\aopalliance\aopalliance\1.0\aopalliance-1.0.jar;C:\Users\Devilish\.m2\repository\org\codehaus\plexus\plexus-interpolation\1.21\plexus-interpolation-1.21.jar;C:\Users\Devilish\.m2\repository\org\codehaus\plexus\plexus-classworlds\2.5.2\plexus-classworlds-2.5.2.jar;C:\Users\Devilish\.m2\repository\org\codehaus\plexus\plexus-component-annotations\1.5.5\plexus-component-annotations-1.5.5.jar;C:\Users\Devilish\.m2\repository\org\sonatype\plexus\plexus-sec-dispatcher\1.3\plexus-sec-dispatcher-1.3.jar;C:\Users\Devilish\.m2\repository\org\sonatype\plexus\plexus-cipher\1.4\plexus-cipher-1.4.jar;C:\Users\Devilish\.m2\repository\org\apache\maven\maven-artifact\3.2.5\maven-artifact-3.2.5.jar;C:\Users\Devilish\.m2\repository\org\apache\maven\maven-plugin-api\3.2.5\maven-plugin-api-3.2.5.jar;C:\Users\Devilish\.m2\repository\org\apache\maven\shared\maven-shared-utils\3.3.4\maven-shared-utils-3.3.4.jar;C:\Users\Devilish\.m2\repository\commons-io\commons-io\2.6\commons-io-2.6.jar;C:\Users\Devilish\.m2\repository\org\apache\maven\doxia\doxia-decoration-model\2.0.0-M3\doxia-decoration-model-2.0.0-M3.jar;C:\Users\Devilish\.m2\repository\javax\inject\javax.inject\1\javax.inject-1.jar;C:\Users\Devilish\.m2\repository\org\apache\maven\doxia\doxia-core\2.0.0-M3\doxia-core-2.0.0-M3.jar;C:\Users\Devilish\.m2\repository\org\apache\maven\doxia\doxia-integration-tools\2.0.0-M3\doxia-integration-tools-2.0.0-M3.jar;C:\Users\Devilish\.m2\repository\org\codehaus\plexus\plexus-i18n\1.0-beta-10\plexus-i18n-1.0-beta-10.jar;C:\Users\Devilish\.m2\repository\org\apache\maven\doxia\doxia-site-renderer\2.0.0-M3\doxia-site-renderer-2.0.0-M3.jar;C:\Users\Devilish\.m2\repository\org\apache\maven\doxia\doxia-skin-model\2.0.0-M3\doxia-skin-model-2.0.0-M3.jar;C:\Users\Devilish\.m2\repository\org\apache\maven\doxia\doxia-module-xhtml\2.0.0-M3\doxia-module-xhtml-2.0.0-M3.jar;C:\Users\Devilish\.m2\repository\org\apache\maven\doxia\doxia-module-xhtml5\2.0.0-M3\doxia-module-xhtml5-2.0.0-M3.jar;C:\Users\Devilish\.m2\repository\org\codehaus\plexus\plexus-velocity\2.0\plexus-velocity-2.0.jar;C:\Users\Devilish\.m2\repository\org\apache\velocity\velocity-engine-core\2.3\velocity-engine-core-2.3.jar;C:\Users\Devilish\.m2\repository\org\apache\velocity\tools\velocity-tools-generic\3.1\velocity-tools-generic-3.1.jar;C:\Users\Devilish\.m2\repository\commons-beanutils\commons-beanutils\1.9.4\commons-beanutils-1.9.4.jar;C:\Users\Devilish\.m2\repository\commons-collections\commons-collections\3.2.2\commons-collections-3.2.2.jar;C:\Users\Devilish\.m2\repository\org\apache\commons\commons-digester3\3.2\commons-digester3-3.2.jar;C:\Users\Devilish\.m2\repository\com\github\cliftonlabs\json-simple\3.0.2\json-simple-3.0.2.jar;C:\Users\Devilish\.m2\repository\org\codehaus\plexus\plexus-utils\3.4.2\plexus-utils-3.4.2.jar;"/>
    <property name="java.vm.vendor" value="Oracle Corporation"/>
    <property name="sun.arch.data.model" value="64"/>
    <property name="user.variant" value=""/>
    <property name="java.vendor.url" value="https://java.oracle.com/"/>
    <property name="user.timezone" value="America/Los_Angeles"/>
    <property name="os.name" value="Windows 10"/>
    <property name="java.vm.specification.version" value="16"/>
    <property name="sun.java.launcher" value="SUN_STANDARD"/>
    <property name="user.country" value="US"/>
    <property name="sun.boot.library.path" value="C:\Program Files\Java\jdk-16.0.2\bin"/>
    <property name="sun.java.command" value="org.apache.maven.surefire.booter.ForkedBooter C:\Users\Devilish\AppData\Local\Temp\surefire18445125000363946308 2022-08-10T15-32-16_094-jvmRun1 surefire-20220810153219548_1tmp surefire_0-20220810153219548_2tmp"/>
    <property name="jdk.debug" value="release"/>
    <property name="surefire.test.class.path" value="C:\Users\Devilish\Desktop\UdaSecurity_Cat2\UdaSecurity_Cat\securityService\target\test-classes;C:\Users\Devilish\.m2\repository\software\amazon\awssdk\annotations\2.17.237\annotations-2.17.237.jar;C:\Users\Devilish\.m2\repository\software\amazon\awssdk\utils\2.17.237\utils-2.17.237.jar;C:\Users\Devilish\.m2\repository\org\reactivestreams\reactive-streams\1.0.3\reactive-streams-1.0.3.jar;C:\Users\Devilish\.m2\repository\software\amazon\awssdk\profiles\2.17.237\profiles-2.17.237.jar;C:\Users\Devilish\.m2\repository\software\amazon\awssdk\http-client-spi\2.17.237\http-client-spi-2.17.237.jar;C:\Users\Devilish\.m2\repository\software\amazon\awssdk\json-utils\2.17.237\json-utils-2.17.237.jar;C:\Users\Devilish\.m2\repository\software\amazon\awssdk\third-party-jackson-core\2.17.237\third-party-jackson-core-2.17.237.jar;C:\Users\Devilish\.m2\repository\software\amazon\eventstream\eventstream\1.0.1\eventstream-1.0.1.jar;C:\Users\Devilish\.m2\repository\software\amazon\awssdk\aws-json-protocol\2.17.237\aws-json-protocol-2.17.237.jar;C:\Users\Devilish\.m2\repository\software\amazon\awssdk\protocol-core\2.17.237\protocol-core-2.17.237.jar;C:\Users\Devilish\.m2\repository\software\amazon\awssdk\aws-core\2.17.237\aws-core-2.17.237.jar;C:\Users\Devilish\.m2\repository\software\amazon\awssdk\metrics-spi\2.17.237\metrics-spi-2.17.237.jar;C:\Users\Devilish\.m2\repository\software\amazon\awssdk\apache-client\2.17.237\apache-client-2.17.237.jar;C:\Users\Devilish\.m2\repository\org\apache\httpcomponents\httpclient\4.5.13\httpclient-4.5.13.jar;C:\Users\Devilish\.m2\repository\commons-logging\commons-logging\1.2\commons-logging-1.2.jar;C:\Users\Devilish\.m2\repository\commons-codec\commons-codec\1.11\commons-codec-1.11.jar;C:\Users\Devilish\.m2\repository\org\apache\httpcomponents\httpcore\4.4.13\httpcore-4.4.13.jar;C:\Users\Devilish\.m2\repository\software\amazon\awssdk\netty-nio-client\2.17.237\netty-nio-client-2.17.237.jar;C:\Users\Devilish\.m2\repository\io\netty\netty-codec-http\4.1.77.Final\netty-codec-http-4.1.77.Final.jar;C:\Users\Devilish\.m2\repository\io\netty\netty-codec-http2\4.1.77.Final\netty-codec-http2-4.1.77.Final.jar;C:\Users\Devilish\.m2\repository\io\netty\netty-codec\4.1.77.Final\netty-codec-4.1.77.Final.jar;C:\Users\Devilish\.m2\repository\io\netty\netty-transport\4.1.77.Final\netty-transport-4.1.77.Final.jar;C:\Users\Devilish\.m2\repository\io\netty\netty-resolver\4.1.77.Final\netty-resolver-4.1.77.Final.jar;C:\Users\Devilish\.m2\repository\io\netty\netty-common\4.1.77.Final\netty-common-4.1.77.Final.jar;C:\Users\Devilish\.m2\repository\io\netty\netty-buffer\4.1.77.Final\netty-buffer-4.1.77.Final.jar;C:\Users\Devilish\.m2\repository\io\netty\netty-handler\4.1.77.Final\netty-handler-4.1.77.Final.jar;C:\Users\Devilish\.m2\repository\io\netty\netty-transport-classes-epoll\4.1.77.Final\netty-transport-classes-epoll-4.1.77.Final.jar;C:\Users\Devilish\.m2\repository\io\netty\netty-transport-native-unix-common\4.1.77.Final\netty-transport-native-unix-common-4.1.77.Final.jar;C:\Users\Devilish\.m2\repository\com\google\guava\failureaccess\1.0.1\failureaccess-1.0.1.jar;C:\Users\Devilish\.m2\repository\com\google\guava\listenablefuture\9999.0-empty-to-avoid-conflict-with-guava\listenablefuture-9999.0-empty-to-avoid-conflict-with-guava.jar;C:\Users\Devilish\.m2\repository\com\google\code\findbugs\jsr305\3.0.2\jsr305-3.0.2.jar;C:\Users\Devilish\.m2\repository\org\checkerframework\checker-qual\3.12.0\checker-qual-3.12.0.jar;C:\Users\Devilish\.m2\repository\com\google\errorprone\error_prone_annotations\2.11.0\error_prone_annotations-2.11.0.jar;C:\Users\Devilish\.m2\repository\com\google\j2objc\j2objc-annotations\1.3\j2objc-annotations-1.3.jar;C:\Users\Devilish\.m2\repository\com\github\spotbugs\spotbugs\4.7.1\spotbugs-4.7.1.jar;C:\Users\Devilish\.m2\repository\org\ow2\asm\asm\9.3\asm-9.3.jar;C:\Users\Devilish\.m2\repository\org\ow2\asm\asm-analysis\9.3\asm-analysis-9.3.jar;C:\Users\Devilish\.m2\repository\org\ow2\asm\asm-commons\9.3\asm-commons-9.3.jar;C:\Users\Devilish\.m2\repository\org\ow2\asm\asm-tree\9.3\asm-tree-9.3.jar;C:\Users\Devilish\.m2\repository\org\ow2\asm\asm-util\9.3\asm-util-9.3.jar;C:\Users\Devilish\.m2\repository\org\apache\bcel\bcel\6.5.0\bcel-6.5.0.jar;C:\Users\Devilish\.m2\repository\net\jcip\jcip-annotations\1.0\jcip-annotations-1.0.jar;C:\Users\Devilish\.m2\repository\org\dom4j\dom4j\2.1.3\dom4j-2.1.3.jar;C:\Users\Devilish\.m2\repository\org\apache\commons\commons-lang3\3.12.0\commons-lang3-3.12.0.jar;C:\Users\Devilish\.m2\repository\org\apache\commons\commons-text\1.9\commons-text-1.9.jar;C:\Users\Devilish\.m2\repository\com\github\spotbugs\spotbugs-annotations\4.7.1\spotbugs-annotations-4.7.1.jar;C:\Users\Devilish\.m2\repository\jaxen\jaxen\1.2.0\jaxen-1.2.0.jar;C:\Users\Devilish\.m2\repository\net\sf\saxon\Saxon-HE\11.3\Saxon-HE-11.3.jar;C:\Users\Devilish\.m2\repository\org\xmlresolver\xmlresolver\4.2.0\xmlresolver-4.2.0.jar;C:\Users\Devilish\.m2\repository\xml-apis\xml-apis\1.4.01\xml-apis-1.4.01.jar;C:\Users\Devilish\.m2\repository\org\xmlresolver\xmlresolver\4.2.0\xmlresolver-4.2.0-data.jar;C:\Users\Devilish\.m2\repository\org\junit\jupiter\junit-jupiter-api\5.9.0-RC1\junit-jupiter-api-5.9.0-RC1.jar;C:\Users\Devilish\.m2\repository\org\opentest4j\opentest4j\1.2.0\opentest4j-1.2.0.jar;C:\Users\Devilish\.m2\repository\org\junit\platform\junit-platform-commons\1.9.0-RC1\junit-platform-commons-1.9.0-RC1.jar;C:\Users\Devilish\.m2\repository\org\apiguardian\apiguardian-api\1.1.2\apiguardian-api-1.1.2.jar;C:\Users\Devilish\.m2\repository\org\junit\jupiter\junit-jupiter-params\5.9.0-RC1\junit-jupiter-params-5.9.0-RC1.jar;C:\Users\Devilish\.m2\repository\org\mockito\mockito-junit-jupiter\4.6.1\mockito-junit-jupiter-4.6.1.jar;C:\Users\Devilish\.m2\repository\org\mockito\mockito-core\4.6.1\mockito-core-4.6.1.jar;C:\Users\Devilish\.m2\repository\net\bytebuddy\byte-buddy\1.12.10\byte-buddy-1.12.10.jar;C:\Users\Devilish\.m2\repository\net\bytebuddy\byte-buddy-agent\1.12.10\byte-buddy-agent-1.12.10.jar;C:\Users\Devilish\.m2\repository\org\objenesis\objenesis\3.2\objenesis-3.2.jar;C:\Users\Devilish\.m2\repository\org\apache\maven\plugins\maven-surefire-plugin\3.0.0-M7\maven-surefire-plugin-3.0.0-M7.jar;C:\Users\Devilish\.m2\repository\org\apache\maven\surefire\maven-surefire-common\3.0.0-M7\maven-surefire-common-3.0.0-M7.jar;C:\Users\Devilish\.m2\repository\org\apache\maven\surefire\surefire-api\3.0.0-M7\surefire-api-3.0.0-M7.jar;C:\Users\Devilish\.m2\repository\org\apache\maven\surefire\surefire-logger-api\3.0.0-M7\surefire-logger-api-3.0.0-M7.jar;C:\Users\Devilish\.m2\repository\org\apache\maven\surefire\surefire-extensions-api\3.0.0-M7\surefire-extensions-api-3.0.0-M7.jar;C:\Users\Devilish\.m2\repository\org\apache\maven\surefire\surefire-booter\3.0.0-M7\surefire-booter-3.0.0-M7.jar;C:\Users\Devilish\.m2\repository\org\apache\maven\surefire\surefire-extensions-spi\3.0.0-M7\surefire-extensions-spi-3.0.0-M7.jar;C:\Users\Devilish\.m2\repository\org\apache\maven\shared\maven-common-artifact-filters\3.1.1\maven-common-artifact-filters-3.1.1.jar;C:\Users\Devilish\.m2\repository\org\codehaus\plexus\plexus-java\1.1.1\plexus-java-1.1.1.jar;C:\Users\Devilish\.m2\repository\com\thoughtworks\qdox\qdox\2.0.1\qdox-2.0.1.jar;C:\Users\Devilish\.m2\repository\org\apache\maven\surefire\surefire-shared-utils\3.0.0-M7\surefire-shared-utils-3.0.0-M7.jar;C:\Users\Devilish\.m2\repository\org\apache\maven\reporting\maven-reporting-api\4.0.0-M2\maven-reporting-api-4.0.0-M2.jar;C:\Users\Devilish\.m2\repository\org\apache\maven\doxia\doxia-sink-api\2.0.0-M3\doxia-sink-api-2.0.0-M3.jar;C:\Users\Devilish\.m2\repository\org\apache\maven\reporting\maven-reporting-impl\4.0.0-M2\maven-reporting-impl-4.0.0-M2.jar;C:\Users\Devilish\.m2\repository\org\apache\maven\maven-core\3.2.5\maven-core-3.2.5.jar;C:\Users\Devilish\.m2\repository\org\apache\maven\maven-model\3.2.5\maven-model-3.2.5.jar;C:\Users\Devilish\.m2\repository\org\apache\maven\maven-settings\3.2.5\maven-settings-3.2.5.jar;C:\Users\Devilish\.m2\repository\org\apache\maven\maven-settings-builder\3.2.5\maven-settings-builder-3.2.5.jar;C:\Users\Devilish\.m2\repository\org\apache\maven\maven-repository-metadata\3.2.5\maven-repository-metadata-3.2.5.jar;C:\Users\Devilish\.m2\repository\org\apache\maven\maven-model-builder\3.2.5\maven-model-builder-3.2.5.jar;C:\Users\Devilish\.m2\repository\org\apache\maven\maven-aether-provider\3.2.5\maven-aether-provider-3.2.5.jar;C:\Users\Devilish\.m2\repository\org\eclipse\aether\aether-spi\1.0.0.v20140518\aether-spi-1.0.0.v20140518.jar;C:\Users\Devilish\.m2\repository\org\eclipse\aether\aether-impl\1.0.0.v20140518\aether-impl-1.0.0.v20140518.jar;C:\Users\Devilish\.m2\repository\org\eclipse\aether\aether-api\1.0.0.v20140518\aether-api-1.0.0.v20140518.jar;C:\Users\Devilish\.m2\repository\org\eclipse\aether\aether-util\1.0.0.v20140518\aether-util-1.0.0.v20140518.jar;C:\Users\Devilish\.m2\repository\org\eclipse\sisu\org.eclipse.sisu.plexus\0.3.0.M1\org.eclipse.sisu.plexus-0.3.0.M1.jar;C:\Users\Devilish\.m2\repository\javax\enterprise\cdi-api\1.0\cdi-api-1.0.jar;C:\Users\Devilish\.m2\repository\javax\annotation\jsr250-api\1.0\jsr250-api-1.0.jar;C:\Users\Devilish\.m2\repository\org\eclipse\sisu\org.eclipse.sisu.inject\0.3.0.M1\org.eclipse.sisu.inject-0.3.0.M1.jar;C:\Users\Devilish\.m2\repository\org\sonatype\sisu\sisu-guice\3.2.3\sisu-guice-3.2.3-no_aop.jar;C:\Users\Devilish\.m2\repository\aopalliance\aopalliance\1.0\aopalliance-1.0.jar;C:\Users\Devilish\.m2\repository\org\codehaus\plexus\plexus-interpolation\1.21\plexus-interpolation-1.21.jar;C:\Users\Devilish\.m2\repository\org\codehaus\plexus\plexus-classworlds\2.5.2\plexus-classworlds-2.5.2.jar;C:\Users\Devilish\.m2\repository\org\codehaus\plexus\plexus-component-annotations\1.5.5\plexus-component-annotations-1.5.5.jar;C:\Users\Devilish\.m2\repository\org\sonatype\plexus\plexus-sec-dispatcher\1.3\plexus-sec-dispatcher-1.3.jar;C:\Users\Devilish\.m2\repository\org\sonatype\plexus\plexus-cipher\1.4\plexus-cipher-1.4.jar;C:\Users\Devilish\.m2\repository\org\apache\maven\maven-artifact\3.2.5\maven-artifact-3.2.5.jar;C:\Users\Devilish\.m2\repository\org\apache\maven\maven-plugin-api\3.2.5\maven-plugin-api-3.2.5.jar;C:\Users\Devilish\.m2\repository\org\apache\maven\shared\maven-shared-utils\3.3.4\maven-shared-utils-3.3.4.jar;C:\Users\Devilish\.m2\repository\commons-io\commons-io\2.6\commons-io-2.6.jar;C:\Users\Devilish\.m2\repository\org\apache\maven\doxia\doxia-decoration-model\2.0.0-M3\doxia-decoration-model-2.0.0-M3.jar;C:\Users\Devilish\.m2\repository\javax\inject\javax.inject\1\javax.inject-1.jar;C:\Users\Devilish\.m2\repository\org\apache\maven\doxia\doxia-core\2.0.0-M3\doxia-core-2.0.0-M3.jar;C:\Users\Devilish\.m2\repository\org\apache\maven\doxia\doxia-integration-tools\2.0.0-M3\doxia-integration-tools-2.0.0-M3.jar;C:\Users\Devilish\.m2\repository\org\codehaus\plexus\plexus-i18n\1.0-beta-10\plexus-i18n-1.0-beta-10.jar;C:\Users\Devilish\.m2\repository\org\apache\maven\doxia\doxia-site-renderer\2.0.0-M3\doxia-site-renderer-2.0.0-M3.jar;C:\Users\Devilish\.m2\repository\org\apache\maven\doxia\doxia-skin-model\2.0.0-M3\doxia-skin-model-2.0.0-M3.jar;C:\Users\Devilish\.m2\repository\org\apache\maven\doxia\doxia-module-xhtml\2.0.0-M3\doxia-module-xhtml-2.0.0-M3.jar;C:\Users\Devilish\.m2\repository\org\apache\maven\doxia\doxia-module-xhtml5\2.0.0-M3\doxia-module-xhtml5-2.0.0-M3.jar;C:\Users\Devilish\.m2\repository\org\codehaus\plexus\plexus-velocity\2.0\plexus-velocity-2.0.jar;C:\Users\Devilish\.m2\repository\org\apache\velocity\velocity-engine-core\2.3\velocity-engine-core-2.3.jar;C:\Users\Devilish\.m2\repository\org\apache\velocity\tools\velocity-tools-generic\3.1\velocity-tools-generic-3.1.jar;C:\Users\Devilish\.m2\repository\commons-beanutils\commons-beanutils\1.9.4\commons-beanutils-1.9.4.jar;C:\Users\Devilish\.m2\repository\commons-collections\commons-collections\3.2.2\commons-collections-3.2.2.jar;C:\Users\Devilish\.m2\repository\org\apache\commons\commons-digester3\3.2\commons-digester3-3.2.jar;C:\Users\Devilish\.m2\repository\com\github\cliftonlabs\json-simple\3.0.2\json-simple-3.0.2.jar;C:\Users\Devilish\.m2\repository\org\codehaus\plexus\plexus-utils\3.4.2\plexus-utils-3.4.2.jar;"/>
    <property name="sun.cpu.endian" value="little"/>
    <property name="user.home" value="C:\Users\Devilish"/>
    <property name="user.language" value="en"/>
    <property name="java.specification.vendor" value="Oracle Corporation"/>
    <property name="jdk.module.path" value="C:\Users\Devilish\Desktop\UdaSecurity_Cat2\UdaSecurity_Cat\securityService\target\classes;C:\Users\Devilish\Desktop\UdaSecurity_Cat2\UdaSecurity_Cat\imageService\target\imageService-1.0-SNAPSHOT.jar;C:\Users\Devilish\.m2\repository\org\slf4j\slf4j-nop\2.0.0-alpha7\slf4j-nop-2.0.0-alpha7.jar;C:\Users\Devilish\.m2\repository\org\slf4j\slf4j-api\2.0.0-alpha7\slf4j-api-2.0.0-alpha7.jar;C:\Users\Devilish\.m2\repository\software\amazon\awssdk\auth\2.17.237\auth-2.17.237.jar;C:\Users\Devilish\.m2\repository\software\amazon\awssdk\sdk-core\2.17.237\sdk-core-2.17.237.jar;C:\Users\Devilish\.m2\repository\software\amazon\awssdk\regions\2.17.237\regions-2.17.237.jar;C:\Users\Devilish\.m2\repository\software\amazon\awssdk\rekognition\2.17.237\rekognition-2.17.237.jar;C:\Users\Devilish\.m2\repository\com\miglayout\miglayout-swing\11.0\miglayout-swing-11.0.jar;C:\Users\Devilish\.m2\repository\com\miglayout\miglayout-core\11.0\miglayout-core-11.0.jar;C:\Users\Devilish\.m2\repository\com\google\guava\guava\31.1-jre\guava-31.1-jre.jar;C:\Users\Devilish\.m2\repository\com\google\code\gson\gson\2.9.0\gson-2.9.0.jar"/>
    <property name="java.version.date" value="2021-07-20"/>
    <property name="java.home" value="C:\Program Files\Java\jdk-16.0.2"/>
    <property name="file.separator" value="\"/>
    <property name="basedir" value="C:\Users\Devilish\Desktop\UdaSecurity_Cat2\UdaSecurity_Cat\securityService"/>
    <property name="java.vm.compressedOopsMode" value="Zero based"/>
    <property name="line.separator" value="&#10;"/>
    <property name="java.vm.specification.vendor" value="Oracle Corporation"/>
    <property name="java.specification.name" value="Java Platform API Specification"/>
    <property name="surefire.real.class.path" value="C:\Users\Devilish\.m2\repository\org\apache\maven\surefire\surefire-booter\3.0.0-M7\surefire-booter-3.0.0-M7.jar;C:\Users\Devilish\.m2\repository\org\apache\maven\surefire\surefire-api\3.0.0-M7\surefire-api-3.0.0-M7.jar;C:\Users\Devilish\.m2\repository\org\apache\maven\surefire\surefire-logger-api\3.0.0-M7\surefire-logger-api-3.0.0-M7.jar;C:\Users\Devilish\.m2\repository\org\apache\maven\surefire\surefire-shared-utils\3.0.0-M7\surefire-shared-utils-3.0.0-M7.jar;C:\Users\Devilish\.m2\repository\org\apache\maven\surefire\surefire-extensions-spi\3.0.0-M7\surefire-extensions-spi-3.0.0-M7.jar;C:\Users\Devilish\Desktop\UdaSecurity_Cat2\UdaSecurity_Cat\securityService\target\test-classes;C:\Users\Devilish\.m2\repository\software\amazon\awssdk\annotations\2.17.237\annotations-2.17.237.jar;C:\Users\Devilish\.m2\repository\software\amazon\awssdk\utils\2.17.237\utils-2.17.237.jar;C:\Users\Devilish\.m2\repository\org\reactivestreams\reactive-streams\1.0.3\reactive-streams-1.0.3.jar;C:\Users\Devilish\.m2\repository\software\amazon\awssdk\profiles\2.17.237\profiles-2.17.237.jar;C:\Users\Devilish\.m2\repository\software\amazon\awssdk\http-client-spi\2.17.237\http-client-spi-2.17.237.jar;C:\Users\Devilish\.m2\repository\software\amazon\awssdk\json-utils\2.17.237\json-utils-2.17.237.jar;C:\Users\Devilish\.m2\repository\software\amazon\awssdk\third-party-jackson-core\2.17.237\third-party-jackson-core-2.17.237.jar;C:\Users\Devilish\.m2\repository\software\amazon\eventstream\eventstream\1.0.1\eventstream-1.0.1.jar;C:\Users\Devilish\.m2\repository\software\amazon\awssdk\aws-json-protocol\2.17.237\aws-json-protocol-2.17.237.jar;C:\Users\Devilish\.m2\repository\software\amazon\awssdk\protocol-core\2.17.237\protocol-core-2.17.237.jar;C:\Users\Devilish\.m2\repository\software\amazon\awssdk\aws-core\2.17.237\aws-core-2.17.237.jar;C:\Users\Devilish\.m2\repository\software\amazon\awssdk\metrics-spi\2.17.237\metrics-spi-2.17.237.jar;C:\Users\Devilish\.m2\repository\software\amazon\awssdk\apache-client\2.17.237\apache-client-2.17.237.jar;C:\Users\Devilish\.m2\repository\org\apache\httpcomponents\httpclient\4.5.13\httpclient-4.5.13.jar;C:\Users\Devilish\.m2\repository\commons-logging\commons-logging\1.2\commons-logging-1.2.jar;C:\Users\Devilish\.m2\repository\commons-codec\commons-codec\1.11\commons-codec-1.11.jar;C:\Users\Devilish\.m2\repository\org\apache\httpcomponents\httpcore\4.4.13\httpcore-4.4.13.jar;C:\Users\Devilish\.m2\repository\software\amazon\awssdk\netty-nio-client\2.17.237\netty-nio-client-2.17.237.jar;C:\Users\Devilish\.m2\repository\io\netty\netty-codec-http\4.1.77.Final\netty-codec-http-4.1.77.Final.jar;C:\Users\Devilish\.m2\repository\io\netty\netty-codec-http2\4.1.77.Final\netty-codec-http2-4.1.77.Final.jar;C:\Users\Devilish\.m2\repository\io\netty\netty-codec\4.1.77.Final\netty-codec-4.1.77.Final.jar;C:\Users\Devilish\.m2\repository\io\netty\netty-transport\4.1.77.Final\netty-transport-4.1.77.Final.jar;C:\Users\Devilish\.m2\repository\io\netty\netty-resolver\4.1.77.Final\netty-resolver-4.1.77.Final.jar;C:\Users\Devilish\.m2\repository\io\netty\netty-common\4.1.77.Final\netty-common-4.1.77.Final.jar;C:\Users\Devilish\.m2\repository\io\netty\netty-buffer\4.1.77.Final\netty-buffer-4.1.77.Final.jar;C:\Users\Devilish\.m2\repository\io\netty\netty-handler\4.1.77.Final\netty-handler-4.1.77.Final.jar;C:\Users\Devilish\.m2\repository\io\netty\netty-transport-classes-epoll\4.1.77.Final\netty-transport-classes-epoll-4.1.77.Final.jar;C:\Users\Devilish\.m2\repository\io\netty\netty-transport-native-unix-common\4.1.77.Final\netty-transport-native-unix-common-4.1.77.Final.jar;C:\Users\Devilish\.m2\repository\com\google\guava\failureaccess\1.0.1\failureaccess-1.0.1.jar;C:\Users\Devilish\.m2\repository\com\google\guava\listenablefuture\9999.0-empty-to-avoid-conflict-with-guava\listenablefuture-9999.0-empty-to-avoid-conflict-with-guava.jar;C:\Users\Devilish\.m2\repository\com\google\code\findbugs\jsr305\3.0.2\jsr305-3.0.2.jar;C:\Users\Devilish\.m2\repository\org\checkerframework\checker-qual\3.12.0\checker-qual-3.12.0.jar;C:\Users\Devilish\.m2\repository\com\google\errorprone\error_prone_annotations\2.11.0\error_prone_annotations-2.11.0.jar;C:\Users\Devilish\.m2\repository\com\google\j2objc\j2objc-annotations\1.3\j2objc-annotations-1.3.jar;C:\Users\Devilish\.m2\repository\com\github\spotbugs\spotbugs\4.7.1\spotbugs-4.7.1.jar;C:\Users\Devilish\.m2\repository\org\ow2\asm\asm\9.3\asm-9.3.jar;C:\Users\Devilish\.m2\repository\org\ow2\asm\asm-analysis\9.3\asm-analysis-9.3.jar;C:\Users\Devilish\.m2\repository\org\ow2\asm\asm-commons\9.3\asm-commons-9.3.jar;C:\Users\Devilish\.m2\repository\org\ow2\asm\asm-tree\9.3\asm-tree-9.3.jar;C:\Users\Devilish\.m2\repository\org\ow2\asm\asm-util\9.3\asm-util-9.3.jar;C:\Users\Devilish\.m2\repository\org\apache\bcel\bcel\6.5.0\bcel-6.5.0.jar;C:\Users\Devilish\.m2\repository\net\jcip\jcip-annotations\1.0\jcip-annotations-1.0.jar;C:\Users\Devilish\.m2\repository\org\dom4j\dom4j\2.1.3\dom4j-2.1.3.jar;C:\Users\Devilish\.m2\repository\org\apache\commons\commons-lang3\3.12.0\commons-lang3-3.12.0.jar;C:\Users\Devilish\.m2\repository\org\apache\commons\commons-text\1.9\commons-text-1.9.jar;C:\Users\Devilish\.m2\repository\com\github\spotbugs\spotbugs-annotations\4.7.1\spotbugs-annotations-4.7.1.jar;C:\Users\Devilish\.m2\repository\jaxen\jaxen\1.2.0\jaxen-1.2.0.jar;C:\Users\Devilish\.m2\repository\net\sf\saxon\Saxon-HE\11.3\Saxon-HE-11.3.jar;C:\Users\Devilish\.m2\repository\org\xmlresolver\xmlresolver\4.2.0\xmlresolver-4.2.0.jar;C:\Users\Devilish\.m2\repository\xml-apis\xml-apis\1.4.01\xml-apis-1.4.01.jar;C:\Users\Devilish\.m2\repository\org\xmlresolver\xmlresolver\4.2.0\xmlresolver-4.2.0-data.jar;C:\Users\Devilish\.m2\repository\org\junit\jupiter\junit-jupiter-api\5.9.0-RC1\junit-jupiter-api-5.9.0-RC1.jar;C:\Users\Devilish\.m2\repository\org\opentest4j\opentest4j\1.2.0\opentest4j-1.2.0.jar;C:\Users\Devilish\.m2\repository\org\junit\platform\junit-platform-commons\1.9.0-RC1\junit-platform-commons-1.9.0-RC1.jar;C:\Users\Devilish\.m2\repository\org\apiguardian\apiguardian-api\1.1.2\apiguardian-api-1.1.2.jar;C:\Users\Devilish\.m2\repository\org\junit\jupiter\junit-jupiter-params\5.9.0-RC1\junit-jupiter-params-5.9.0-RC1.jar;C:\Users\Devilish\.m2\repository\org\mockito\mockito-junit-jupiter\4.6.1\mockito-junit-jupiter-4.6.1.jar;C:\Users\Devilish\.m2\repository\org\mockito\mockito-core\4.6.1\mockito-core-4.6.1.jar;C:\Users\Devilish\.m2\repository\net\bytebuddy\byte-buddy\1.12.10\byte-buddy-1.12.10.jar;C:\Users\Devilish\.m2\repository\net\bytebuddy\byte-buddy-agent\1.12.10\byte-buddy-agent-1.12.10.jar;C:\Users\Devilish\.m2\repository\org\objenesis\objenesis\3.2\objenesis-3.2.jar;C:\Users\Devilish\.m2\repository\org\apache\maven\plugins\maven-surefire-plugin\3.0.0-M7\maven-surefire-plugin-3.0.0-M7.jar;C:\Users\Devilish\.m2\repository\org\apache\maven\surefire\maven-surefire-common\3.0.0-M7\maven-surefire-common-3.0.0-M7.jar;C:\Users\Devilish\.m2\repository\org\apache\maven\surefire\surefire-extensions-api\3.0.0-M7\surefire-extensions-api-3.0.0-M7.jar;C:\Users\Devilish\.m2\repository\org\apache\maven\shared\maven-common-artifact-filters\3.1.1\maven-common-artifact-filters-3.1.1.jar;C:\Users\Devilish\.m2\repository\org\codehaus\plexus\plexus-java\1.1.1\plexus-java-1.1.1.jar;C:\Users\Devilish\.m2\repository\com\thoughtworks\qdox\qdox\2.0.1\qdox-2.0.1.jar;C:\Users\Devilish\.m2\repository\org\apache\maven\reporting\maven-reporting-api\4.0.0-M2\maven-reporting-api-4.0.0-M2.jar;C:\Users\Devilish\.m2\repository\org\apache\maven\doxia\doxia-sink-api\2.0.0-M3\doxia-sink-api-2.0.0-M3.jar;C:\Users\Devilish\.m2\repository\org\apache\maven\reporting\maven-reporting-impl\4.0.0-M2\maven-reporting-impl-4.0.0-M2.jar;C:\Users\Devilish\.m2\repository\org\apache\maven\maven-core\3.2.5\maven-core-3.2.5.jar;C:\Users\Devilish\.m2\repository\org\apache\maven\maven-model\3.2.5\maven-model-3.2.5.jar;C:\Users\Devilish\.m2\repository\org\apache\maven\maven-settings\3.2.5\maven-settings-3.2.5.jar;C:\Users\Devilish\.m2\repository\org\apache\maven\maven-settings-builder\3.2.5\maven-settings-builder-3.2.5.jar;C:\Users\Devilish\.m2\repository\org\apache\maven\maven-repository-metadata\3.2.5\maven-repository-metadata-3.2.5.jar;C:\Users\Devilish\.m2\repository\org\apache\maven\maven-model-builder\3.2.5\maven-model-builder-3.2.5.jar;C:\Users\Devilish\.m2\repository\org\apache\maven\maven-aether-provider\3.2.5\maven-aether-provider-3.2.5.jar;C:\Users\Devilish\.m2\repository\org\eclipse\aether\aether-spi\1.0.0.v20140518\aether-spi-1.0.0.v20140518.jar;C:\Users\Devilish\.m2\repository\org\eclipse\aether\aether-impl\1.0.0.v20140518\aether-impl-1.0.0.v20140518.jar;C:\Users\Devilish\.m2\repository\org\eclipse\aether\aether-api\1.0.0.v20140518\aether-api-1.0.0.v20140518.jar;C:\Users\Devilish\.m2\repository\org\eclipse\aether\aether-util\1.0.0.v20140518\aether-util-1.0.0.v20140518.jar;C:\Users\Devilish\.m2\repository\org\eclipse\sisu\org.eclipse.sisu.plexus\0.3.0.M1\org.eclipse.sisu.plexus-0.3.0.M1.jar;C:\Users\Devilish\.m2\repository\javax\enterprise\cdi-api\1.0\cdi-api-1.0.jar;C:\Users\Devilish\.m2\repository\javax\annotation\jsr250-api\1.0\jsr250-api-1.0.jar;C:\Users\Devilish\.m2\repository\org\eclipse\sisu\org.eclipse.sisu.inject\0.3.0.M1\org.eclipse.sisu.inject-0.3.0.M1.jar;C:\Users\Devilish\.m2\repository\org\sonatype\sisu\sisu-guice\3.2.3\sisu-guice-3.2.3-no_aop.jar;C:\Users\Devilish\.m2\repository\aopalliance\aopalliance\1.0\aopalliance-1.0.jar;C:\Users\Devilish\.m2\repository\org\codehaus\plexus\plexus-interpolation\1.21\plexus-interpolation-1.21.jar;C:\Users\Devilish\.m2\repository\org\codehaus\plexus\plexus-classworlds\2.5.2\plexus-classworlds-2.5.2.jar;C:\Users\Devilish\.m2\repository\org\codehaus\plexus\plexus-component-annotations\1.5.5\plexus-component-annotations-1.5.5.jar;C:\Users\Devilish\.m2\repository\org\sonatype\plexus\plexus-sec-dispatcher\1.3\plexus-sec-dispatcher-1.3.jar;C:\Users\Devilish\.m2\repository\org\sonatype\plexus\plexus-cipher\1.4\plexus-cipher-1.4.jar;C:\Users\Devilish\.m2\repository\org\apache\maven\maven-artifact\3.2.5\maven-artifact-3.2.5.jar;C:\Users\Devilish\.m2\repository\org\apache\maven\maven-plugin-api\3.2.5\maven-plugin-api-3.2.5.jar;C:\Users\Devilish\.m2\repository\org\apache\maven\shared\maven-shared-utils\3.3.4\maven-shared-utils-3.3.4.jar;C:\Users\Devilish\.m2\repository\commons-io\commons-io\2.6\commons-io-2.6.jar;C:\Users\Devilish\.m2\repository\org\apache\maven\doxia\doxia-decoration-model\2.0.0-M3\doxia-decoration-model-2.0.0-M3.jar;C:\Users\Devilish\.m2\repository\javax\inject\javax.inject\1\javax.inject-1.jar;C:\Users\Devilish\.m2\repository\org\apache\maven\doxia\doxia-core\2.0.0-M3\doxia-core-2.0.0-M3.jar;C:\Users\Devilish\.m2\repository\org\apache\maven\doxia\doxia-integration-tools\2.0.0-M3\doxia-integration-tools-2.0.0-M3.jar;C:\Users\Devilish\.m2\repository\org\codehaus\plexus\plexus-i18n\1.0-beta-10\plexus-i18n-1.0-beta-10.jar;C:\Users\Devilish\.m2\repository\org\apache\maven\doxia\doxia-site-renderer\2.0.0-M3\doxia-site-renderer-2.0.0-M3.jar;C:\Users\Devilish\.m2\repository\org\apache\maven\doxia\doxia-skin-model\2.0.0-M3\doxia-skin-model-2.0.0-M3.jar;C:\Users\Devilish\.m2\repository\org\apache\maven\doxia\doxia-module-xhtml\2.0.0-M3\doxia-module-xhtml-2.0.0-M3.jar;C:\Users\Devilish\.m2\repository\org\apache\maven\doxia\doxia-module-xhtml5\2.0.0-M3\doxia-module-xhtml5-2.0.0-M3.jar;C:\Users\Devilish\.m2\repository\org\codehaus\plexus\plexus-velocity\2.0\plexus-velocity-2.0.jar;C:\Users\Devilish\.m2\repository\org\apache\velocity\velocity-engine-core\2.3\velocity-engine-core-2.3.jar;C:\Users\Devilish\.m2\repository\org\apache\velocity\tools\velocity-tools-generic\3.1\velocity-tools-generic-3.1.jar;C:\Users\Devilish\.m2\repository\commons-beanutils\commons-beanutils\1.9.4\commons-beanutils-1.9.4.jar;C:\Users\Devilish\.m2\repository\commons-collections\commons-collections\3.2.2\commons-collections-3.2.2.jar;C:\Users\Devilish\.m2\repository\org\apache\commons\commons-digester3\3.2\commons-digester3-3.2.jar;C:\Users\Devilish\.m2\repository\com\github\cliftonlabs\json-simple\3.0.2\json-simple-3.0.2.jar;C:\Users\Devilish\.m2\repository\org\codehaus\plexus\plexus-utils\3.4.2\plexus-utils-3.4.2.jar;C:\Users\Devilish\.m2\repository\org\apache\maven\surefire\surefire-junit-platform\3.0.0-M7\surefire-junit-platform-3.0.0-M7.jar;C:\Users\Devilish\.m2\repository\org\apache\maven\surefire\common-java5\3.0.0-M7\common-java5-3.0.0-M7.jar;C:\Users\Devilish\.m2\repository\org\junit\platform\junit-platform-launcher\1.9.0-RC1\junit-platform-launcher-1.9.0-RC1.jar;C:\Users\Devilish\.m2\repository\org\junit\platform\junit-platform-engine\1.9.0-RC1\junit-platform-engine-1.9.0-RC1.jar;C:\Users\Devilish\.m2\repository\org\junit\jupiter\junit-jupiter-engine\5.9.0-RC1\junit-jupiter-engine-5.9.0-RC1.jar"/>
    <property name="user.script" value=""/>
    <property name="sun.management.compiler" value="HotSpot 64-Bit Tiered Compilers"/>
    <property name="java.runtime.version" value="16.0.2+7-67"/>
    <property name="user.name" value="Devilish"/>
    <property name="path.separator" value=";"/>
    <property name="os.version" value="10.0"/>
    <property name="java.runtime.name" value="Java(TM) SE Runtime Environment"/>
    <property name="file.encoding" value="Cp1252"/>
    <property name="java.vm.name" value="Java HotSpot(TM) 64-Bit Server VM"/>
    <property name="localRepository" value="C:\Users\Devilish\.m2\repository"/>
    <property name="java.vendor.url.bug" value="https://bugreport.java.com/bugreport/"/>
    <property name="java.io.tmpdir" value="C:\Users\Devilish\AppData\Local\Temp\"/>
    <property name="idea.version" value="2022.2"/>
    <property name="java.version" value="16.0.2"/>
    <property name="user.dir" value="C:\Users\Devilish\Desktop\UdaSecurity_Cat2\UdaSecurity_Cat\securityService"/>
    <property name="os.arch" value="amd64"/>
    <property name="java.vm.specification.name" value="Java Virtual Machine Specification"/>
    <property name="sun.os.patch.level" value=""/>
    <property name="java.library.path" value="C:\Program Files\Java\jdk-16.0.2\bin;C:\WINDOWS\Sun\Java\bin;C:\WINDOWS\system32;C:\WINDOWS;C:\Program Files\Common Files\Oracle\Java\javapath;C:\Program Files (x86)\Common Files\Intel\Shared Libraries\redist\intel64_win\compiler;C:\Program Files (x86)\Common Files\Oracle\Java\javapath;C:\Program Files\Microsoft MPI\Bin\;C:\Windows\system32;C:\Windows;C:\Windows\System32\Wbem;C:\Windows\System32\WindowsPowerShell\v1.0\;C:\Windows\System32\OpenSSH\;C:\Program Files (x86)\NVIDIA Corporation\PhysX\Common;C:\Program Files\Microsoft SQL Server\130\Tools\Binn\;C:\WINDOWS\system32;C:\WINDOWS;C:\WINDOWS\System32\Wbem;C:\WINDOWS\System32\WindowsPowerShell\v1.0\;C:\WINDOWS\System32\OpenSSH\;C:\Program Files\NVIDIA Corporation\NVIDIA NvDLISR;C:\Program Files (x86)\QuickTime\QTSystem\;C:\src\flutter\bin;C:\Program Files\Microsoft VS Code\bin;D:\curl-7.83.1_3-win64-mingw\bin;C:\Program Files\Git\cmd;C:\Gradle\gradle-7.4.2\bin;C:\Program Files\Java\jdk-18.0.2\bin;C:\Program Files\Java\jdk-16.0.2\bin;C:\Users\Devilish\apache-maven-3.8.6\bin;C:\Program Files\Java\jdk-14.0.2\bin;D:\Ruby31-x64\bin;C:\Users\Devilish\AppData\Local\Microsoft\WindowsApps;C:\Program Files\NVIDIA GPU Computing Toolkit\CUDA\v9.0\bin;C:\Program Files\NVIDIA GPU Computing Toolkit\CUDA\v9.0\libnvvp;D:\MinGW\mingw64\bin;C:\Program Files\CMake\bin;C:\Users\Devilish\Anaconda3\Library\bin\graphviz;C:\Program Files (x86)\Graphviz2.38\bin;C:\Program Files\JetBrains\PyCharm Community Edition 2018.3.3\bin;D:\curl-7.83.1_3-win64-mingw\bin;C:\Users\Devilish\AppData\Local\atom\bin;;C:\Program Files\JetBrains\IntelliJ IDEA Community Edition 2022.2\bin;;."/>
    <property name="java.vm.info" value="mixed mode"/>
    <property name="java.vendor" value="Oracle Corporation"/>
    <property name="java.vm.version" value="16.0.2+7-67"/>
    <property name="sun.io.unicode.encoding" value="UnicodeLittle"/>
    <property name="java.class.version" value="60.0"/>
  </properties>
  <testcase name="armedAtHome_catDetected_alarmActive" classname="catpoint.SecurityServiceTest" time="0.601"/>
  <testcase name="alarmArmed_sensorActivated_alarmPending" classname="catpoint.SecurityServiceTest" time="0.004"/>
  <testcase name="pendingAlarm_sensorInactive_noAlarmActive" classname="catpoint.SecurityServiceTest" time="0.003"/>
  <testcase name="noCatDetected_alarmNotActive" classname="catpoint.SecurityServiceTest" time="0.004"/>
  <testcase name="pendingAlarm_additionalSensorActivated_alarmIsActive" classname="catpoint.SecurityServiceTest" time="0.003"/>
  <testcase name="systemDisarmed_noAlarm" classname="catpoint.SecurityServiceTest" time="0.003"/>
  <testcase name="armedHome_whileCatDetected_alarmActive" classname="catpoint.SecurityServiceTest" time="0.004"/>
  <testcase name="alarmActive_sensorChange_notAffectAlarmState" classname="catpoint.SecurityServiceTest" time="0.003"/>
  <testcase name="systemArmed_resetSensorsInactive(ArmingStatus)[1]" classname="catpoint.SecurityServiceTest" time="0.087"/>
  <testcase name="systemArmed_resetSensorsInactive(ArmingStatus)[2]" classname="catpoint.SecurityServiceTest" time="0.005"/>
  <testcase name="noActiveSensor_sensorDeactivated_noAlarmChange" classname="catpoint.SecurityServiceTest" time="0.002"/>
  <testcase name="alarmArmed_alarmPending_sensorActivated_alarmActive" classname="catpoint.SecurityServiceTest" time="0.002"/>
</testsuite>